<?xml version="1.0" encoding="UTF-8"?>
<testsuite name="converter.AppTest" tests="1" skipped="0" failures="0" errors="0" timestamp="2020-07-16T07:01:27" hostname="mcvdmvs-VirtualBox" time="0.04">
  <properties/>
  <testcase name="meter2furlong()" classname="converter.AppTest" time="0.04"/>
  <system-out><![CDATA[]]></system-out>
  <system-err><![CDATA[]]></system-err>
</testsuite>
